2023-05-14 20:05:241 INFO  HomePage :34 - Click on computer menu[[ChromeDriver: chrome on WINDOWS (df513c0921578bf852e12adfe0e206ff)] -> xpath: //ul[1]/li/a[text()='Computers ']]
2023-05-14 20:05:523 INFO  ComputersPage :18 - Click on desktops[[ChromeDriver: chrome on WINDOWS (df513c0921578bf852e12adfe0e206ff)] -> xpath: //img[@alt='Picture for category Desktops']]
2023-05-14 20:05:559 INFO  DesktopsPage :26 - Select sort Z to A[[ChromeDriver: chrome on WINDOWS (df513c0921578bf852e12adfe0e206ff)] -> name: products-orderby]
2023-05-14 20:05:272 INFO  HomePage :44 - Hover on electronic[[ChromeDriver: chrome on WINDOWS (0f86901b0be84b576cc780b02f58bc08)] -> xpath: //a[text()='Electronics ']]
2023-05-14 20:05:526 INFO  HomePage :49 - Click on cell phones[[ChromeDriver: chrome on WINDOWS (0f86901b0be84b576cc780b02f58bc08)] -> xpath: //ul[1]/li[2]/ul[1]/li[2]/a[1]]
2023-05-14 20:05:274 INFO  CellPhonesPage :49 - Get cell phone text[[ChromeDriver: chrome on WINDOWS (0f86901b0be84b576cc780b02f58bc08)] -> xpath: //h1[text()='Cell phones']]
2023-05-14 20:05:825 INFO  TopMenuPage :42 - Verify Computer text[[ChromeDriver: chrome on WINDOWS (2f71c2dc0c1a3a3c36401b6c09028e74)] -> xpath: //a[@href='/computers']]
2023-05-14 20:05:291 INFO  HomePage :34 - Click on computer menu[[ChromeDriver: chrome on WINDOWS (18134b87c265ebc165e9db82c9ef82ce)] -> xpath: //ul[1]/li/a[text()='Computers ']]
2023-05-14 20:05:626 INFO  ComputersPage :18 - Click on desktops[[ChromeDriver: chrome on WINDOWS (18134b87c265ebc165e9db82c9ef82ce)] -> xpath: //img[@alt='Picture for category Desktops']]
2023-05-14 20:05:345 INFO  DesktopsPage :26 - Select sort Z to A[[ChromeDriver: chrome on WINDOWS (18134b87c265ebc165e9db82c9ef82ce)] -> name: products-orderby]
2023-05-14 20:05:140 INFO  HomePage :34 - Click on computer menu[[ChromeDriver: chrome on WINDOWS (9f9d716743169fb335867f3afd05ce39)] -> xpath: //ul[1]/li/a[text()='Computers ']]
2023-05-14 20:05:277 INFO  ComputersPage :18 - Click on desktops[[ChromeDriver: chrome on WINDOWS (9f9d716743169fb335867f3afd05ce39)] -> xpath: //img[@alt='Picture for category Desktops']]
2023-05-14 20:05:899 INFO  DesktopsPage :31 - Select sort A to Z[[ChromeDriver: chrome on WINDOWS (9f9d716743169fb335867f3afd05ce39)] -> name: products-orderby]
2023-05-14 20:05:141 INFO  DesktopsPage :36 - CLick on add to cart button[[ChromeDriver: chrome on WINDOWS (9f9d716743169fb335867f3afd05ce39)] -> xpath: //body/div[6]/div[3]/div[1]/div[3]/div[1]/div[2]/div[2]/div[2]/div[1]/div[1]/div[1]/div[1]/div[2]/div[3]/div[2]/button[1]]
2023-05-14 20:05:811 INFO  BuildYourOwnComputerPage :59 - Get build your own computer text[[ChromeDriver: chrome on WINDOWS (9f9d716743169fb335867f3afd05ce39)] -> xpath: //h1[text()='Build your own computer']]
2023-05-14 20:05:897 INFO  BuildYourOwnComputerPage :64 - Select processor[[ChromeDriver: chrome on WINDOWS (9f9d716743169fb335867f3afd05ce39)] -> name: product_attribute_1]
2023-05-14 20:05:169 INFO  BuildYourOwnComputerPage :69 - Select ram[[ChromeDriver: chrome on WINDOWS (9f9d716743169fb335867f3afd05ce39)] -> name: product_attribute_2]
2023-05-14 20:05:376 INFO  BuildYourOwnComputerPage :74 - Select hdd[[ChromeDriver: chrome on WINDOWS (9f9d716743169fb335867f3afd05ce39)] -> id: product_attribute_3_7]
2023-05-14 20:05:523 INFO  BuildYourOwnComputerPage :79 - Select vista premium Os[[ChromeDriver: chrome on WINDOWS (9f9d716743169fb335867f3afd05ce39)] -> id: product_attribute_4_9]
2023-05-14 20:05:656 INFO  BuildYourOwnComputerPage :84 - Click on total command[[ChromeDriver: chrome on WINDOWS (9f9d716743169fb335867f3afd05ce39)] -> id: product_attribute_5_12]
2023-05-14 20:05:826 INFO  BuildYourOwnComputerPage :89 - Get price[[ChromeDriver: chrome on WINDOWS (9f9d716743169fb335867f3afd05ce39)] -> id: price-value-1]
2023-05-14 20:05:923 INFO  BuildYourOwnComputerPage :94 - Click on add to cart[[ChromeDriver: chrome on WINDOWS (9f9d716743169fb335867f3afd05ce39)] -> id: add-to-cart-button-1]
2023-05-14 20:05:328 INFO  BuildYourOwnComputerPage :99 - Get product added text[[ChromeDriver: chrome on WINDOWS (9f9d716743169fb335867f3afd05ce39)] -> xpath: //body/div[@id='bar-notification']/div[1]/p[1]]
2023-05-14 20:05:406 INFO  BuildYourOwnComputerPage :104 - Click on close button[[ChromeDriver: chrome on WINDOWS (9f9d716743169fb335867f3afd05ce39)] -> xpath: //span[@class='close']]
2023-05-14 20:05:948 INFO  BuildYourOwnComputerPage :109 - Mouse hover on shopping cart[[ChromeDriver: chrome on WINDOWS (9f9d716743169fb335867f3afd05ce39)] -> xpath: //span[@class='cart-label']]
2023-05-14 20:05:158 INFO  BuildYourOwnComputerPage :114 - Click on go to cart button[[ChromeDriver: chrome on WINDOWS (9f9d716743169fb335867f3afd05ce39)] -> xpath: //button[contains(text(),'Go to cart')]]
2023-05-14 20:05:159 INFO  CartPage :72 - Get shopping cart text[[ChromeDriver: chrome on WINDOWS (9f9d716743169fb335867f3afd05ce39)] -> xpath: //h1[text()='Shopping cart']]
2023-05-14 20:05:229 INFO  CartPage :77 - Change quantity[[ChromeDriver: chrome on WINDOWS (9f9d716743169fb335867f3afd05ce39)] -> xpath: //input[@value='1']]
2023-05-14 20:05:604 INFO  CartPage :83 - Click on update cart[[ChromeDriver: chrome on WINDOWS (9f9d716743169fb335867f3afd05ce39)] -> id: updatecart]
2023-05-14 20:05:786 INFO  CartPage :88 - Get total[[ChromeDriver: chrome on WINDOWS (9f9d716743169fb335867f3afd05ce39)] -> xpath: //tbody/tr[1]/td[6]/span[1]]
2023-05-14 20:05:933 INFO  CartPage :93 - Click on check box[[ChromeDriver: chrome on WINDOWS (9f9d716743169fb335867f3afd05ce39)] -> xpath: //input[@id='termsofservice']]
2023-05-14 20:05:316 INFO  CartPage :98 - Click on checkout button[[ChromeDriver: chrome on WINDOWS (9f9d716743169fb335867f3afd05ce39)] -> xpath: //button[@id='checkout']]
2023-05-14 20:05:540 INFO  CartPage :103 - Get welcome text[[ChromeDriver: chrome on WINDOWS (9f9d716743169fb335867f3afd05ce39)] -> xpath: //h1[text()='Welcome, Please Sign In!']]
2023-05-14 20:05:669 INFO  CartPage :108 - Click on checkout as guest[[ChromeDriver: chrome on WINDOWS (9f9d716743169fb335867f3afd05ce39)] -> xpath: //button[@class='button-1 checkout-as-guest-button']]
2023-05-14 20:05:50 INFO  CheckoutPage :82 - Enter first name[[ChromeDriver: chrome on WINDOWS (9f9d716743169fb335867f3afd05ce39)] -> id: BillingNewAddress_FirstName]
2023-05-14 20:05:271 INFO  CheckoutPage :84 - Enter last name[[ChromeDriver: chrome on WINDOWS (9f9d716743169fb335867f3afd05ce39)] -> id: BillingNewAddress_LastName]
2023-05-14 20:05:592 INFO  CheckoutPage :86 - Enter email id[[ChromeDriver: chrome on WINDOWS (9f9d716743169fb335867f3afd05ce39)] -> id: BillingNewAddress_Email]
2023-05-14 20:05:998 INFO  CheckoutPage :88 - Select country[[ChromeDriver: chrome on WINDOWS (9f9d716743169fb335867f3afd05ce39)] -> id: BillingNewAddress_CountryId]
2023-05-14 20:05:233 INFO  CheckoutPage :90 - Select city[[ChromeDriver: chrome on WINDOWS (9f9d716743169fb335867f3afd05ce39)] -> id: BillingNewAddress_City]
2023-05-14 20:05:426 INFO  CheckoutPage :92 - Enter address[[ChromeDriver: chrome on WINDOWS (9f9d716743169fb335867f3afd05ce39)] -> id: BillingNewAddress_Address1]
2023-05-14 20:05:673 INFO  CheckoutPage :94 - Enter postcode[[ChromeDriver: chrome on WINDOWS (9f9d716743169fb335867f3afd05ce39)] -> id: BillingNewAddress_ZipPostalCode]
2023-05-14 20:05:934 INFO  CheckoutPage :96 - Enter phone number[[ChromeDriver: chrome on WINDOWS (9f9d716743169fb335867f3afd05ce39)] -> id: BillingNewAddress_PhoneNumber]
2023-05-14 20:05:299 INFO  CheckoutPage :98 - Click on continue button[[ChromeDriver: chrome on WINDOWS (9f9d716743169fb335867f3afd05ce39)] -> name: save]
2023-05-14 20:05:741 INFO  CheckoutPage :103 - Click on next day button[[ChromeDriver: chrome on WINDOWS (9f9d716743169fb335867f3afd05ce39)] -> id: shippingoption_1]
2023-05-14 20:05:896 INFO  CheckoutPage :108 - Click on continue[[ChromeDriver: chrome on WINDOWS (9f9d716743169fb335867f3afd05ce39)] -> xpath: //button[@onclick='ShippingMethod.save()']]
2023-05-14 20:05:227 INFO  PaymentPage :43 - CLick on credit card radio button[[ChromeDriver: chrome on WINDOWS (9f9d716743169fb335867f3afd05ce39)] -> id: paymentmethod_1]
2023-05-14 20:05:408 INFO  PaymentPage :48 - Click on continue[[ChromeDriver: chrome on WINDOWS (9f9d716743169fb335867f3afd05ce39)] -> xpath: //li[4]/div[2]/div[1]/button[1]]
2023-05-14 20:05:768 INFO  PaymentPage :53 - Select master card[[ChromeDriver: chrome on WINDOWS (9f9d716743169fb335867f3afd05ce39)] -> id: CreditCardType]
2023-05-14 20:05:965 INFO  PaymentPage :58 - Enter card holder name[[ChromeDriver: chrome on WINDOWS (9f9d716743169fb335867f3afd05ce39)] -> id: CardholderName]
2023-05-14 20:05:125 INFO  PaymentPage :60 - Enter card number[[ChromeDriver: chrome on WINDOWS (9f9d716743169fb335867f3afd05ce39)] -> id: CardNumber]
2023-05-14 20:05:288 INFO  PaymentPage :62 - Select expire month[[ChromeDriver: chrome on WINDOWS (9f9d716743169fb335867f3afd05ce39)] -> id: ExpireMonth]
2023-05-14 20:05:448 INFO  PaymentPage :64 - Select expire year[[ChromeDriver: chrome on WINDOWS (9f9d716743169fb335867f3afd05ce39)] -> id: ExpireYear]
2023-05-14 20:05:586 INFO  PaymentPage :66 - Enter card code[[ChromeDriver: chrome on WINDOWS (9f9d716743169fb335867f3afd05ce39)] -> id: CardCode]
2023-05-14 20:05:705 INFO  PaymentPage :68 - Click on continue button[[ChromeDriver: chrome on WINDOWS (9f9d716743169fb335867f3afd05ce39)] -> xpath: //li[5]/div[2]/div[1]/button[1]]
2023-05-14 20:05:43 INFO  ConfirmOrderPage :56 - Get credit card text[[ChromeDriver: chrome on WINDOWS (9f9d716743169fb335867f3afd05ce39)] -> xpath: //span[contains(text(),'Credit Card')]]
2023-05-14 20:05:97 INFO  ConfirmOrderPage :61 - Get next day air text[[ChromeDriver: chrome on WINDOWS (9f9d716743169fb335867f3afd05ce39)] -> xpath: //body/div[6]/div[3]/div[1]/div[1]/div[1]/div[2]/ol[1]/li[6]/div[2]/div[1]/div[1]/div[1]/div[1]/div[1]/div[2]/div[2]/ul[1]/li[1]/span[2]]
2023-05-14 20:05:140 INFO  ConfirmOrderPage :66 - Click on confirm button[[ChromeDriver: chrome on WINDOWS (9f9d716743169fb335867f3afd05ce39)] -> xpath: //button[contains(text(),'Confirm')]]
2023-05-14 20:05:979 INFO  ConfirmOrderPage :71 - Get thank you text[[ChromeDriver: chrome on WINDOWS (9f9d716743169fb335867f3afd05ce39)] -> xpath: //h1[contains(text(),'Thank you')]]
2023-05-14 20:05:33 INFO  ConfirmOrderPage :76 - Get success message[[ChromeDriver: chrome on WINDOWS (9f9d716743169fb335867f3afd05ce39)] -> xpath: //strong[contains(text(),'Your order has been successfully processed!')]]
2023-05-14 20:05:79 INFO  ConfirmOrderPage :81 - Click on continue button[[ChromeDriver: chrome on WINDOWS (9f9d716743169fb335867f3afd05ce39)] -> xpath: //button[contains(text(),'Continue')]]
2023-05-14 20:05:638 INFO  HomePage :39 - Get welcome to store text[[ChromeDriver: chrome on WINDOWS (9f9d716743169fb335867f3afd05ce39)] -> xpath: //h2[contains(text(),'Welcome to our store')]]
2023-05-14 20:05:467 INFO  HomePage :44 - Hover on electronic[[ChromeDriver: chrome on WINDOWS (79fde215ba9d90ee326d7c47b19a4b36)] -> xpath: //a[text()='Electronics ']]
2023-05-14 20:05:680 INFO  HomePage :49 - Click on cell phones[[ChromeDriver: chrome on WINDOWS (79fde215ba9d90ee326d7c47b19a4b36)] -> xpath: //ul[1]/li[2]/ul[1]/li[2]/a[1]]
2023-05-14 20:05:873 INFO  CellPhonesPage :49 - Get cell phone text[[ChromeDriver: chrome on WINDOWS (79fde215ba9d90ee326d7c47b19a4b36)] -> xpath: //h1[text()='Cell phones']]
2023-05-14 20:05:569 INFO  HomePage :44 - Hover on electronic[[ChromeDriver: chrome on WINDOWS (2110590913bd1ed58874494ef31d5096)] -> xpath: //a[text()='Electronics ']]
2023-05-14 20:05:770 INFO  HomePage :49 - Click on cell phones[[ChromeDriver: chrome on WINDOWS (2110590913bd1ed58874494ef31d5096)] -> xpath: //ul[1]/li[2]/ul[1]/li[2]/a[1]]
2023-05-14 20:05:968 INFO  CellPhonesPage :49 - Get cell phone text[[ChromeDriver: chrome on WINDOWS (2110590913bd1ed58874494ef31d5096)] -> xpath: //h1[text()='Cell phones']]
2023-05-14 20:05:46 INFO  CellPhonesPage :54 - Click on list view tab[[ChromeDriver: chrome on WINDOWS (2110590913bd1ed58874494ef31d5096)] -> xpath: //a[contains(text(),'List')]]
2023-05-14 20:05:194 INFO  CellPhonesPage :59 - Click on nokia lumia product[[ChromeDriver: chrome on WINDOWS (2110590913bd1ed58874494ef31d5096)] -> xpath: //div[3]/div[1]/div[2]/h2[1]/a]
2023-05-14 20:05:611 INFO  CellPhonesPage :64 - Verify nokia lumia text[[ChromeDriver: chrome on WINDOWS (2110590913bd1ed58874494ef31d5096)] -> xpath: //h1[text()='Nokia Lumia 1020']]
2023-05-14 20:05:675 INFO  CellPhonesPage :69 - Verify price[[ChromeDriver: chrome on WINDOWS (2110590913bd1ed58874494ef31d5096)] -> id: price-value-20]
2023-05-14 20:05:739 INFO  CellPhonesPage :74 - Change quantity[[ChromeDriver: chrome on WINDOWS (2110590913bd1ed58874494ef31d5096)] -> name: addtocart_20.EnteredQuantity]
2023-05-14 20:05:71 INFO  CellPhonesPage :80 - Click on add to cart[[ChromeDriver: chrome on WINDOWS (2110590913bd1ed58874494ef31d5096)] -> id: add-to-cart-button-20]
2023-05-14 20:05:413 INFO  CellPhonesPage :85 - Verify product added in shopping cart text[[ChromeDriver: chrome on WINDOWS (2110590913bd1ed58874494ef31d5096)] -> xpath: //body/div[@id='bar-notification']/div[1]/p[1]]
2023-05-14 20:05:487 INFO  CellPhonesPage :90 - Click on close button[[ChromeDriver: chrome on WINDOWS (2110590913bd1ed58874494ef31d5096)] -> xpath: //span[@title='Close']]
2023-05-14 20:05:622 INFO  CellPhonesPage :95 - Mouse hover on shopping cart[[ChromeDriver: chrome on WINDOWS (2110590913bd1ed58874494ef31d5096)] -> xpath: //span[text()='Shopping cart']]
2023-05-14 20:05:661 INFO  CellPhonesPage :96 - Click on go to cart[[ChromeDriver: chrome on WINDOWS (2110590913bd1ed58874494ef31d5096)] -> xpath: //button[text()='Go to cart']]
2023-05-14 20:05:242 INFO  CartPage :113 - Verify shopping cart text[[ChromeDriver: chrome on WINDOWS (2110590913bd1ed58874494ef31d5096)] -> xpath: //h1[text()='Shopping cart']]
2023-05-14 20:05:301 INFO  CartPage :118 - Verify quantity[[ChromeDriver: chrome on WINDOWS (2110590913bd1ed58874494ef31d5096)] -> xpath: //span[contains(text(),'(2)')]]
2023-05-14 20:05:354 INFO  CartPage :123 - Verify total[[ChromeDriver: chrome on WINDOWS (2110590913bd1ed58874494ef31d5096)] -> xpath: //tbody/tr[1]/td[6]/span[1]]
2023-05-14 20:05:457 INFO  CartPage :93 - Click on check box[[ChromeDriver: chrome on WINDOWS (2110590913bd1ed58874494ef31d5096)] -> xpath: //input[@id='termsofservice']]
2023-05-14 20:05:757 INFO  CartPage :98 - Click on checkout button[[ChromeDriver: chrome on WINDOWS (2110590913bd1ed58874494ef31d5096)] -> xpath: //button[@id='checkout']]
2023-05-14 20:05:697 INFO  CartPage :138 - Verify welcome message[[ChromeDriver: chrome on WINDOWS (2110590913bd1ed58874494ef31d5096)] -> xpath: //h1[text()='Welcome, Please Sign In!']]
2023-05-14 20:05:744 INFO  CartPage :143 - Click on register tab[[ChromeDriver: chrome on WINDOWS (2110590913bd1ed58874494ef31d5096)] -> xpath: //button[text()='Register']]
2023-05-14 20:05:329 INFO  RegisterPage :56 - Verify register text[[ChromeDriver: chrome on WINDOWS (2110590913bd1ed58874494ef31d5096)] -> xpath: //h1[text()='Register']]
2023-05-14 20:05:392 INFO  RegisterPage :61 - Click on gender[[ChromeDriver: chrome on WINDOWS (2110590913bd1ed58874494ef31d5096)] -> id: gender-male]
2023-05-14 20:05:530 INFO  RegisterPage :63 - Enter first name[[ChromeDriver: chrome on WINDOWS (2110590913bd1ed58874494ef31d5096)] -> id: FirstName]
2023-05-14 20:05:670 INFO  RegisterPage :65 - Enter last name[[ChromeDriver: chrome on WINDOWS (2110590913bd1ed58874494ef31d5096)] -> id: LastName]
2023-05-14 20:05:837 INFO  RegisterPage :67 - Select day[[ChromeDriver: chrome on WINDOWS (2110590913bd1ed58874494ef31d5096)] -> name: DateOfBirthDay]
2023-05-14 20:05:23 INFO  RegisterPage :69 - Select month[[ChromeDriver: chrome on WINDOWS (2110590913bd1ed58874494ef31d5096)] -> name: DateOfBirthMonth]
2023-05-14 20:05:186 INFO  RegisterPage :71 - Select year[[ChromeDriver: chrome on WINDOWS (2110590913bd1ed58874494ef31d5096)] -> name: DateOfBirthYear]
2023-05-14 20:05:349 INFO  RegisterPage :73 - Enter email[[ChromeDriver: chrome on WINDOWS (2110590913bd1ed58874494ef31d5096)] -> id: Email]
2023-05-14 20:05:520 INFO  RegisterPage :75 - Enter password[[ChromeDriver: chrome on WINDOWS (2110590913bd1ed58874494ef31d5096)] -> id: Password]
2023-05-14 20:05:686 INFO  RegisterPage :77 - Enter confirm password[[ChromeDriver: chrome on WINDOWS (2110590913bd1ed58874494ef31d5096)] -> id: ConfirmPassword]
2023-05-14 20:05:860 INFO  RegisterPage :82 - Click on registration button[[ChromeDriver: chrome on WINDOWS (2110590913bd1ed58874494ef31d5096)] -> id: register-button]
2023-05-14 20:05:941 INFO  RegisterPage :87 - Verify registration text[[ChromeDriver: chrome on WINDOWS (2110590913bd1ed58874494ef31d5096)] -> xpath: //div[text()='Your registration completed']]
2023-05-14 20:05:31 INFO  RegisterPage :92 - Click on continue tab[[ChromeDriver: chrome on WINDOWS (2110590913bd1ed58874494ef31d5096)] -> xpath: //a[text()='Continue']]
2023-05-14 20:05:552 INFO  TopMenuPage :42 - Verify Computer text[[ChromeDriver: chrome on WINDOWS (e24c952f346bdf7c58a81a4511c207b0)] -> xpath: //a[@href='/computers']]
2023-05-14 20:05:924 INFO  TopMenuPage :47 - Verify electronics text[[ChromeDriver: chrome on WINDOWS (b4cb780666620bc09a319ee87e824a5d)] -> xpath: //a[@href='/electronics']]
2023-05-14 20:05:26 INFO  TopMenuPage :52 - Verify apparel text[[ChromeDriver: chrome on WINDOWS (96bfe603f5ff38844a903442ac14a8d6)] -> xpath: //a[@href='/apparel']]
